[debug] [2017-11-10T04:53:59.866Z] ----------------------------------------------------------------------
[debug] [2017-11-10T04:53:59.868Z] Command:       C:\Program Files\nodejs\node.exe C:\Users\Trevor.Burbidge\AppData\Roaming\npm\node_modules\firebase-tools\bin\firebase deploy
[debug] [2017-11-10T04:53:59.868Z] CLI Version:   3.13.1
[debug] [2017-11-10T04:53:59.868Z] Platform:      win32
[debug] [2017-11-10T04:53:59.868Z] Node Version:  v9.0.0
[debug] [2017-11-10T04:53:59.868Z] Time:          Thu Nov 09 2017 21:53:59 GMT-0700 (Mountain Standard Time)
[debug] [2017-11-10T04:53:59.869Z] ----------------------------------------------------------------------
[debug] 
[debug] [2017-11-10T04:53:59.888Z] > command requires scopes: ["email","openid","https://www.googleapis.com/auth/cloudplatformprojects.readonly","https://www.googleapis.com/auth/firebase","https://www.googleapis.com/auth/cloud-platform"]
[debug] [2017-11-10T04:53:59.888Z] > authorizing via signed-in user
[debug] [2017-11-10T04:53:59.889Z] > refreshing access token with scopes: ["email","https://www.googleapis.com/auth/cloud-platform","https://www.googleapis.com/auth/cloudplatformprojects.readonly","https://www.googleapis.com/auth/firebase","openid"]
[debug] [2017-11-10T04:53:59.889Z] >>> HTTP REQUEST POST https://www.googleapis.com/oauth2/v3/token { refresh_token: '1/taUtCR77fUgt0HHRwozfenUkpp5CJtmDFmAsc9npedc',
  client_id: '563584335869-fgrhgmd47bqnekij5i8b5pr03ho849e6.apps.googleusercontent.com',
  client_secret: 'j9iVZfS8kkCEFUPaAeJV0sAi',
  grant_type: 'refresh_token',
  scope: 'email https://www.googleapis.com/auth/cloud-platform https://www.googleapis.com/auth/cloudplatformprojects.readonly https://www.googleapis.com/auth/firebase openid' } 
 Thu Nov 09 2017 21:53:59 GMT-0700 (Mountain Standard Time)
[debug] [2017-11-10T04:54:00.136Z] <<< HTTP RESPONSE 200
[debug] [2017-11-10T04:54:00.145Z] >>> HTTP REQUEST GET https://admin.firebase.com/v1/projects/tkb-reminders  
 Thu Nov 09 2017 21:54:00 GMT-0700 (Mountain Standard Time)
[debug] [2017-11-10T04:54:00.614Z] <<< HTTP RESPONSE 200
[debug] [2017-11-10T04:54:00.615Z] >>> HTTP REQUEST GET https://admin.firebase.com/v1/database/tkb-reminders/tokens  
 Thu Nov 09 2017 21:54:00 GMT-0700 (Mountain Standard Time)
[debug] [2017-11-10T04:54:01.105Z] <<< HTTP RESPONSE 200
[info] 3
[info] 
[info] === Deploying to 'tkb-reminders'...
[info] 
[info] i  deploying database, firestore, hosting
[info] i  database: checking rules syntax...
[debug] [2017-11-10T04:54:01.915Z] >>> HTTP REQUEST PUT https://tkb-reminders.firebaseio.com/.settings/rules.json?dryRun=true {
  "rules": {
    ".read": "true",
    ".write": "true",
    "listItems": {
      "$listId": {
      	".indexOn": ["completedDate"]  
      }
    }
  }
} 
 Thu Nov 09 2017 21:54:01 GMT-0700 (Mountain Standard Time)
[debug] [2017-11-10T04:54:02.424Z] <<< HTTP RESPONSE 200
[info] +  database: rules syntax is valid
[info] i  firestore: checking firestore.rules for compilation errors...
[debug] [2017-11-10T04:54:02.467Z] >>> HTTP REQUEST POST https://firebaserules.googleapis.com/v1/projects/tkb-reminders:test { source: { files: [ [Object] ] } } 
 Thu Nov 09 2017 21:54:02 GMT-0700 (Mountain Standard Time)
[debug] [2017-11-10T04:54:02.873Z] <<< HTTP RESPONSE 200
[info] +  firestore: rules file firestore.rules compiled successfully
[info] i  firestore: uploading rules firestore.rules...
[debug] [2017-11-10T04:54:02.887Z] >>> HTTP REQUEST POST https://firebaserules.googleapis.com/v1/projects/tkb-reminders/rulesets { source: { files: [ [Object] ] } } 
 Thu Nov 09 2017 21:54:02 GMT-0700 (Mountain Standard Time)
[debug] [2017-11-10T04:54:02.888Z] >>> HTTP REQUEST GET https://firestore.googleapis.com/v1beta1/projects/tkb-reminders/databases/(default)/indexes  
 Thu Nov 09 2017 21:54:02 GMT-0700 (Mountain Standard Time)
[debug] [2017-11-10T04:54:03.372Z] <<< HTTP RESPONSE 200
[debug] [2017-11-10T04:54:03.375Z] Skipping existing index: {"collectionId":"items","fields":[{"fieldPath":"completedDate","mode":"ASCENDING"},{"fieldPath":"order","mode":"ASCENDING"}]}
[debug] [2017-11-10T04:54:03.448Z] <<< HTTP RESPONSE 200
